\BOOKMARK [-1][]{ctitle.-1}{\376\377\213\355\116\111\171\076\126\342\133\374\124\021\166\204\171\076\116\244\177\121\176\334\155\361\136\246\210\150\137\201\133\146\116\140}{}% 1
\BOOKMARK [0][]{announce.0}{\376\377\162\354\122\033\140\047\130\360\146\016}{ctitle.-1}% 2
\BOOKMARK [0][]{cabstract.0}{\376\377\144\130\000\040\000\040\211\201}{ctitle.-1}% 3
\BOOKMARK [0][]{eabstract.0}{\376\377\000A\000B\000S\000T\000R\000A\000C\000T}{ctitle.-1}% 4
\BOOKMARK [0][]{mulu.0}{\376\377\166\356\000\040\000\040\137\125}{ctitle.-1}% 5
\BOOKMARK [0][]{section*.8}{\376\377\173\054\116\000\172\340\000\040\000\040\176\352\213\272}{ctitle.-1}% 6
\BOOKMARK [1][]{section*.9}{\376\377\0001\000.\0001\000\040\153\325\116\032\213\276\213\241\377\010\213\272\145\207\377\011\174\173\127\213\123\312\127\372\147\054\211\201\154\102}{section*.8}% 7
\BOOKMARK [2][]{section*.10}{\376\377\0001\000.\0001\000.\0001\000\040\213\276\213\241\174\173}{section*.9}% 8
\BOOKMARK [2][]{section*.11}{\376\377\0001\000.\0001\000.\0002\000\040\213\272\145\207\174\173}{section*.9}% 9
\BOOKMARK [2][]{section*.12}{\376\377\0001\000.\0001\000.\0003\000\040\217\157\116\366\174\173}{section*.9}% 10
\BOOKMARK [1][]{section*.13}{\376\377\0001\000.\0002\000\040\153\325\116\032\213\276\213\241\377\010\213\272\145\207\377\011\215\104\145\231\176\304\142\020\123\312\133\130\150\143\211\201\154\102}{section*.8}% 11
\BOOKMARK [0][]{section*.14}{\376\377\173\054\116\214\172\340\000\040\000\040\164\006\213\272\170\024\172\166}{ctitle.-1}% 12
\BOOKMARK [1][]{section*.15}{\376\377\0002\000.\0001\000\040\153\325\116\032\213\276\213\241\377\010\213\272\145\207\377\011\176\323\147\204\123\312\211\201\154\102}{section*.14}% 13
\BOOKMARK [2][]{section*.16}{\376\377\0002\000.\0001\000.\0001\000\040\213\272\145\207\176\323\147\204}{section*.15}% 14
\BOOKMARK [2][]{section*.17}{\376\377\0002\000.\0001\000.\0002\000\040\213\355\212\000\210\150\217\360}{section*.15}% 15
\BOOKMARK [2][]{section*.18}{\376\377\0002\000.\0001\000.\0003\000\040\150\007\230\230\124\214\134\102\153\041}{section*.15}% 16
\BOOKMARK [2][]{section*.19}{\376\377\0002\000.\0001\000.\0004\000\040\142\123\123\160\211\304\150\074}{section*.15}% 17
\BOOKMARK [1][]{section*.20}{\376\377\0002\000.\0002\000\040\153\325\116\032\213\276\213\241\377\010\213\272\145\207\377\011\144\260\121\231\211\304\203\003}{section*.14}% 18
\BOOKMARK [2][]{section*.21}{\376\377\0002\000.\0002\000.\0001\000\040\134\001\227\142}{section*.20}% 19
\BOOKMARK [2][]{section*.22}{\376\377\0002\000.\0002\000.\0002\000\040\166\356\137\125}{section*.20}% 20
\BOOKMARK [2][]{section*.23}{\376\377\0002\000.\0002\000.\0003\000\040\153\143\145\207}{section*.20}% 21
\BOOKMARK [2][]{section*.24}{\376\377\0002\000.\0002\000.\0004\000\040\121\154\137\017}{section*.20}% 22
\BOOKMARK [2][]{section*.25}{\376\377\0002\000.\0002\000.\0005\000\040\126\376}{section*.20}% 23
\BOOKMARK [2][]{section*.30}{\376\377\0002\000.\0002\000.\0006\000\040\210\150}{section*.20}% 24
\BOOKMARK [1][]{section*.35}{\376\377\0002\000.\0003\000\040\201\032\154\350}{section*.14}% 25
\BOOKMARK [1][]{section*.36}{\376\377\0002\000.\0004\000\040\230\165\167\011\124\214\230\165\201\032}{section*.14}% 26
\BOOKMARK [1][]{section*.37}{\376\377\0002\000.\0005\000\040\123\302\200\003\145\207\163\056}{section*.14}% 27
\BOOKMARK [1][]{section*.38}{\376\377\0002\000.\0006\000\040\116\343\170\001\163\257\130\203}{section*.14}% 28
\BOOKMARK [0][]{section*.39}{\376\377\173\054\116\011\172\340\000\040\000\040\133\236\232\214\116\016\122\006\147\220}{ctitle.-1}% 29
\BOOKMARK [1][]{section*.40}{\376\377\0003\000.\0001\000\040\116\373\122\241\116\146}{section*.39}% 30
\BOOKMARK [1][]{section*.41}{\376\377\0003\000.\0002\000\040\137\000\230\230\142\245\124\112}{section*.39}% 31
\BOOKMARK [1][]{section*.42}{\376\377\0003\000.\0003\000\040\213\304\226\005\116\146}{section*.39}% 32
\BOOKMARK [2][]{section*.43}{\376\377\0003\000.\0003\000.\0001\000\040\143\007\133\374\145\131\136\010\213\304\226\005\116\146}{section*.42}% 33
\BOOKMARK [2][]{section*.44}{\376\377\0003\000.\0003\000.\0002\000\040\213\304\226\005\145\131\136\010\213\304\226\005\116\146}{section*.42}% 34
\BOOKMARK [1][]{section*.45}{\376\377\0003\000.\0004\000\040\173\124\217\251\213\260\137\125\116\146}{section*.39}% 35
\BOOKMARK [1][]{section*.46}{\376\377\0003\000.\0005\000\040\131\026\145\207\215\104\145\231\124\214\116\055\145\207\213\321\145\207}{section*.39}% 36
\BOOKMARK [0][]{section*.49}{\376\377\123\302\200\003\145\207\163\056}{ctitle.-1}% 37
\BOOKMARK [0][]{section*.50}{\376\377\201\364\000\040\000\040\214\042}{ctitle.-1}% 38
